INFO:root:This worker : 3
DEBUG:bluepyopt.ephys.morphologies:Loading morphology /home/jofrony/Documents/Repositories/Neuromodulation/examples/model/str-dspn-e150602_c1_D1-mWT-0728MSN01-v20210212/21-6-DE-cor-rep-ax-res3.swc
DEBUG:bluepyopt.ephys.morphologies:Replace axon with AIS
DEBUG:bluepyopt.ephys.mechanisms:Inserted pas in ['all']
DEBUG:bluepyopt.ephys.mechanisms:Inserted naf in ['somatic']
DEBUG:bluepyopt.ephys.mechanisms:Inserted kaf in ['somatic']
DEBUG:bluepyopt.ephys.mechanisms:Inserted kas in ['somatic']
DEBUG:bluepyopt.ephys.mechanisms:Inserted kdr in ['somatic']
DEBUG:bluepyopt.ephys.mechanisms:Inserted kir in ['somatic']
DEBUG:bluepyopt.ephys.mechanisms:Inserted cal12 in ['somatic']
DEBUG:bluepyopt.ephys.mechanisms:Inserted cal13 in ['somatic']
DEBUG:bluepyopt.ephys.mechanisms:Inserted can in ['somatic']
DEBUG:bluepyopt.ephys.mechanisms:Inserted car in ['somatic']
DEBUG:bluepyopt.ephys.mechanisms:Inserted cadyn in ['somatic']
DEBUG:bluepyopt.ephys.mechanisms:Inserted caldyn in ['somatic']
DEBUG:bluepyopt.ephys.mechanisms:Inserted sk in ['somatic']
DEBUG:bluepyopt.ephys.mechanisms:Inserted bk in ['somatic']
DEBUG:bluepyopt.ephys.mechanisms:Inserted naf in ['axonal']
DEBUG:bluepyopt.ephys.mechanisms:Inserted kas in ['axonal']
DEBUG:bluepyopt.ephys.mechanisms:Inserted naf in ['basal']
DEBUG:bluepyopt.ephys.mechanisms:Inserted kaf in ['basal']
DEBUG:bluepyopt.ephys.mechanisms:Inserted kas in ['basal']
DEBUG:bluepyopt.ephys.mechanisms:Inserted kdr in ['basal']
DEBUG:bluepyopt.ephys.mechanisms:Inserted kir in ['basal']
DEBUG:bluepyopt.ephys.mechanisms:Inserted cal12 in ['basal']
DEBUG:bluepyopt.ephys.mechanisms:Inserted cal13 in ['basal']
DEBUG:bluepyopt.ephys.mechanisms:Inserted car in ['basal']
DEBUG:bluepyopt.ephys.mechanisms:Inserted cat32 in ['basal']
DEBUG:bluepyopt.ephys.mechanisms:Inserted cat33 in ['basal']
DEBUG:bluepyopt.ephys.mechanisms:Inserted cadyn in ['basal']
DEBUG:bluepyopt.ephys.mechanisms:Inserted caldyn in ['basal']
DEBUG:bluepyopt.ephys.mechanisms:Inserted sk in ['basal']
DEBUG:bluepyopt.ephys.mechanisms:Inserted bk in ['basal']
DEBUG:bluepyopt.ephys.parameters:Set celsius to 35
DEBUG:bluepyopt.ephys.parameters:Set v_init to -86
DEBUG:bluepyopt.ephys.parameters:Set g_pas in axonal to 0.0004351535110721858
DEBUG:bluepyopt.ephys.parameters:Set g_pas in basal to 7.357749162476346e-05
DEBUG:bluepyopt.ephys.parameters:Set g_pas in somatic to 0.0003976041611326113
DEBUG:bluepyopt.ephys.parameters:Set e_pas in all to -62.924465893600484
DEBUG:bluepyopt.ephys.parameters:Set cm in all to 1
DEBUG:bluepyopt.ephys.parameters:Set Ra in all to 244.79131177304342
DEBUG:bluepyopt.ephys.parameters:Set ena in all to 53.34
DEBUG:bluepyopt.ephys.parameters:Set ek in all to -105.9
DEBUG:bluepyopt.ephys.parameters:Set gbar_naf in ['axonal'] to 2.102878809005887 with scaler 1.0 * value + 0.0
DEBUG:bluepyopt.ephys.parameters:Set gbar_kas in ['axonal'] to 0.08734212651497891 with scaler 1.0 * value + 0.0
DEBUG:bluepyopt.ephys.parameters:Set gbar_naf in ['somatic'] to 14.332901397497375 with scaler 1.0 * value + 0.0
DEBUG:bluepyopt.ephys.parameters:Set gbar_kaf in ['somatic'] to 0.3327559839403825 with scaler 1.0 * value + 0.0
DEBUG:bluepyopt.ephys.parameters:Set q_kaf in ['somatic'] to 1.2310764224556812 with scaler 1.0 * value + 0.0
DEBUG:bluepyopt.ephys.parameters:Set gbar_kas in ['somatic'] to 0.0019574237764836033 with scaler 1.0 * value + 0.0
DEBUG:bluepyopt.ephys.parameters:Set gbar_kdr in ['somatic'] to 0.00015538891185050966 with scaler 1.0 * value + 0.0
DEBUG:bluepyopt.ephys.parameters:Set gbar_kir in ['somatic'] to 0.0007306244928220482 with scaler 1.0 * value + 0.0
DEBUG:bluepyopt.ephys.parameters:Set pbar_cal12 in ['somatic'] to 1e-05 with scaler 1.0 * value + 0.0
DEBUG:bluepyopt.ephys.parameters:Set pbar_cal13 in ['somatic'] to 1e-06 with scaler 1.0 * value + 0.0
DEBUG:bluepyopt.ephys.parameters:Set pbar_can in ['somatic'] to 3e-05 with scaler 1.0 * value + 0.0
DEBUG:bluepyopt.ephys.parameters:Set pbar_car in ['somatic'] to 0.0001 with scaler 1.0 * value + 0.0
DEBUG:bluepyopt.ephys.parameters:Set gbar_bk in ['somatic'] to 1.5073727607172334e-05 with scaler 1.0 * value + 0.0
DEBUG:bluepyopt.ephys.parameters:Set gbar_sk in ['somatic'] to 7.08372985635184e-05 with scaler 1.0 * value + 0.0
DEBUG:bluepyopt.ephys.parameters:Set gbar_naf in ['basal'] to 0.03772621179144795 with scaler ((0.1) + (0.9)/(1 + math.exp(({distance}-(40))/(10))))*{value}
DEBUG:bluepyopt.ephys.parameters:Set gbar_kaf in ['basal'] to 0.01750953723195889 with scaler ((1.0) + (0.5)/(1 + math.exp(({distance}-(120))/(-30))))*{value}
DEBUG:bluepyopt.ephys.parameters:Set q_kaf in ['basal'] to 1.2310764224556812 with scaler 1.0 * value + 0.0
DEBUG:bluepyopt.ephys.parameters:Set gbar_kas in ['basal'] to 0.0018241893683428926 with scaler ((1.0) + (9.0)*math.exp(({distance}-(0.0))/(-5.0)))*{value}
DEBUG:bluepyopt.ephys.parameters:Set gbar_kdr in ['basal'] to 0.0007728855900717735 with scaler 1.0 * value + 0.0
DEBUG:bluepyopt.ephys.parameters:Set gbar_kir in ['basal'] to 0.00024874792129379994 with scaler 1.0 * value + 0.0
DEBUG:bluepyopt.ephys.parameters:Set pbar_cal12 in ['basal'] to 1e-05 with scaler 1.0 * value + 0.0
DEBUG:bluepyopt.ephys.parameters:Set pbar_cal13 in ['basal'] to 1e-06 with scaler 1.0 * value + 0.0
DEBUG:bluepyopt.ephys.parameters:Set pbar_car in ['basal'] to 0.0001 with scaler 1.0 * value + 0.0
DEBUG:bluepyopt.ephys.parameters:Set pbar_cat32 in ['basal'] to 2e-09 with scaler ((0.0) + (1.0)/(1 + math.exp(({distance}-(120))/(-30))))*{value}
DEBUG:bluepyopt.ephys.parameters:Set pbar_cat33 in ['basal'] to 2e-09 with scaler ((0.0) + (1.0)/(1 + math.exp(({distance}-(120))/(-30))))*{value}
DEBUG:bluepyopt.ephys.parameters:Set gbar_bk in ['basal'] to 2.8334764669077336e-05 with scaler 1.0 * value + 0.0
DEBUG:bluepyopt.ephys.parameters:Set gbar_sk in ['basal'] to 8.640423150490334e-08 with scaler 1.0 * value + 0.0
DEBUG:bluepyopt.ephys.parameters:Set maxModA_naf in ['somatic'] to 0.709762700785465 with scaler 1.0 * value + 0.0
DEBUG:bluepyopt.ephys.parameters:Set levelA_naf in ['somatic'] to 0 with scaler 1.0 * value + 0.0
DEBUG:bluepyopt.ephys.parameters:Set modA_naf in ['somatic'] to 0 with scaler 1.0 * value + 0.0
DEBUG:bluepyopt.ephys.parameters:Set maxModA_naf in ['basal'] to 0.7430378732744839 with scaler 1.0 * value + 0.0
DEBUG:bluepyopt.ephys.parameters:Set levelA_naf in ['basal'] to 0 with scaler 1.0 * value + 0.0
DEBUG:bluepyopt.ephys.parameters:Set modA_naf in ['basal'] to 0 with scaler 1.0 * value + 0.0
DEBUG:bluepyopt.ephys.parameters:Set maxModA_kas in ['somatic'] to 0.7705526752143288 with scaler 1.0 * value + 0.0
DEBUG:bluepyopt.ephys.parameters:Set levelA_kas in ['somatic'] to 0 with scaler 1.0 * value + 0.0
DEBUG:bluepyopt.ephys.parameters:Set modA_kas in ['somatic'] to 0 with scaler 1.0 * value + 0.0
DEBUG:bluepyopt.ephys.parameters:Set maxModA_kas in ['basal'] to 0.7589766365993794 with scaler 1.0 * value + 0.0
DEBUG:bluepyopt.ephys.parameters:Set levelA_kas in ['basal'] to 0 with scaler 1.0 * value + 0.0
DEBUG:bluepyopt.ephys.parameters:Set modA_kas in ['basal'] to 0 with scaler 1.0 * value + 0.0
DEBUG:bluepyopt.ephys.parameters:Set maxModA_kaf in ['somatic'] to 0.7923654799338905 with scaler 1.0 * value + 0.0
DEBUG:bluepyopt.ephys.parameters:Set levelA_kaf in ['somatic'] to 0 with scaler 1.0 * value + 0.0
DEBUG:bluepyopt.ephys.parameters:Set modA_kaf in ['somatic'] to 0 with scaler 1.0 * value + 0.0
DEBUG:bluepyopt.ephys.parameters:Set maxModA_kaf in ['basal'] to 0.8145894113066656 with scaler 1.0 * value + 0.0
DEBUG:bluepyopt.ephys.parameters:Set levelA_kaf in ['basal'] to 0 with scaler 1.0 * value + 0.0
DEBUG:bluepyopt.ephys.parameters:Set modA_kaf in ['basal'] to 0 with scaler 1.0 * value + 0.0
DEBUG:bluepyopt.ephys.parameters:Set maxModA_kir in ['somatic'] to 1.025034884505077 with scaler 1.0 * value + 0.0
DEBUG:bluepyopt.ephys.parameters:Set levelA_kir in ['somatic'] to 0 with scaler 1.0 * value + 0.0
DEBUG:bluepyopt.ephys.parameters:Set modA_kir in ['somatic'] to 0 with scaler 1.0 * value + 0.0
DEBUG:bluepyopt.ephys.parameters:Set maxModA_kir in ['basal'] to 1.206709200312832 with scaler 1.0 * value + 0.0
DEBUG:bluepyopt.ephys.parameters:Set levelA_kir in ['basal'] to 0 with scaler 1.0 * value + 0.0
DEBUG:bluepyopt.ephys.parameters:Set modA_kir in ['basal'] to 0 with scaler 1.0 * value + 0.0
DEBUG:bluepyopt.ephys.parameters:Set maxModA_cal12 in ['somatic'] to 1.9636627605010293 with scaler 1.0 * value + 0.0
DEBUG:bluepyopt.ephys.parameters:Set levelA_cal12 in ['somatic'] to 0 with scaler 1.0 * value + 0.0
DEBUG:bluepyopt.ephys.parameters:Set modA_cal12 in ['somatic'] to 0 with scaler 1.0 * value + 0.0
DEBUG:bluepyopt.ephys.parameters:Set maxModA_cal12 in ['basal'] to 1.3834415188257778 with scaler 1.0 * value + 0.0
DEBUG:bluepyopt.ephys.parameters:Set levelA_cal12 in ['basal'] to 0 with scaler 1.0 * value + 0.0
DEBUG:bluepyopt.ephys.parameters:Set modA_cal12 in ['basal'] to 0 with scaler 1.0 * value + 0.0
DEBUG:bluepyopt.ephys.parameters:Set maxModA_cal13 in ['somatic'] to 1.7917250380826646 with scaler 1.0 * value + 0.0
DEBUG:bluepyopt.ephys.parameters:Set levelA_cal13 in ['somatic'] to 0 with scaler 1.0 * value + 0.0
DEBUG:bluepyopt.ephys.parameters:Set modA_cal13 in ['somatic'] to 0 with scaler 1.0 * value + 0.0
DEBUG:bluepyopt.ephys.parameters:Set maxModA_cal13 in ['basal'] to 1.5288949197529045 with scaler 1.0 * value + 0.0
DEBUG:bluepyopt.ephys.parameters:Set levelA_cal13 in ['basal'] to 0 with scaler 1.0 * value + 0.0
DEBUG:bluepyopt.ephys.parameters:Set modA_cal13 in ['basal'] to 0 with scaler 1.0 * value + 0.0
DEBUG:bluepyopt.ephys.parameters:Set maxModA_can in ['somatic'] to 0.6544356488751459 with scaler 1.0 * value + 0.0
DEBUG:bluepyopt.ephys.parameters:Set levelA_can in ['somatic'] to 0 with scaler 1.0 * value + 0.0
DEBUG:bluepyopt.ephys.parameters:Set modA_can in ['somatic'] to 0 with scaler 1.0 * value + 0.0
DEBUG:bluepyopt.ephys.morphologies:Loading morphology /home/jofrony/Documents/Repositories/Neuromodulation/examples/model/str-dspn-e150602_c1_D1-mWT-0728MSN01-v20210212/21-6-DE-cor-rep-ax-res3.swc
DEBUG:bluepyopt.ephys.morphologies:Replace axon with AIS
DEBUG:bluepyopt.ephys.mechanisms:Inserted pas in ['all']
DEBUG:bluepyopt.ephys.mechanisms:Inserted naf in ['somatic']
DEBUG:bluepyopt.ephys.mechanisms:Inserted kaf in ['somatic']
DEBUG:bluepyopt.ephys.mechanisms:Inserted kas in ['somatic']
DEBUG:bluepyopt.ephys.mechanisms:Inserted kdr in ['somatic']
DEBUG:bluepyopt.ephys.mechanisms:Inserted kir in ['somatic']
DEBUG:bluepyopt.ephys.mechanisms:Inserted cal12 in ['somatic']
DEBUG:bluepyopt.ephys.mechanisms:Inserted cal13 in ['somatic']
DEBUG:bluepyopt.ephys.mechanisms:Inserted can in ['somatic']
DEBUG:bluepyopt.ephys.mechanisms:Inserted car in ['somatic']
DEBUG:bluepyopt.ephys.mechanisms:Inserted cadyn in ['somatic']
DEBUG:bluepyopt.ephys.mechanisms:Inserted caldyn in ['somatic']
DEBUG:bluepyopt.ephys.mechanisms:Inserted sk in ['somatic']
DEBUG:bluepyopt.ephys.mechanisms:Inserted bk in ['somatic']
DEBUG:bluepyopt.ephys.mechanisms:Inserted naf in ['axonal']
DEBUG:bluepyopt.ephys.mechanisms:Inserted kas in ['axonal']
DEBUG:bluepyopt.ephys.mechanisms:Inserted naf in ['basal']
DEBUG:bluepyopt.ephys.mechanisms:Inserted kaf in ['basal']
DEBUG:bluepyopt.ephys.mechanisms:Inserted kas in ['basal']
DEBUG:bluepyopt.ephys.mechanisms:Inserted kdr in ['basal']
DEBUG:bluepyopt.ephys.mechanisms:Inserted kir in ['basal']
DEBUG:bluepyopt.ephys.mechanisms:Inserted cal12 in ['basal']
DEBUG:bluepyopt.ephys.mechanisms:Inserted cal13 in ['basal']
DEBUG:bluepyopt.ephys.mechanisms:Inserted car in ['basal']
DEBUG:bluepyopt.ephys.mechanisms:Inserted cat32 in ['basal']
DEBUG:bluepyopt.ephys.mechanisms:Inserted cat33 in ['basal']
DEBUG:bluepyopt.ephys.mechanisms:Inserted cadyn in ['basal']
DEBUG:bluepyopt.ephys.mechanisms:Inserted caldyn in ['basal']
DEBUG:bluepyopt.ephys.mechanisms:Inserted sk in ['basal']
DEBUG:bluepyopt.ephys.mechanisms:Inserted bk in ['basal']
DEBUG:bluepyopt.ephys.parameters:Set celsius to 35
DEBUG:bluepyopt.ephys.parameters:Set v_init to -86
DEBUG:bluepyopt.ephys.parameters:Set g_pas in axonal to 0.0004351535110721858
DEBUG:bluepyopt.ephys.parameters:Set g_pas in basal to 7.357749162476346e-05
DEBUG:bluepyopt.ephys.parameters:Set g_pas in somatic to 0.0003976041611326113
DEBUG:bluepyopt.ephys.parameters:Set e_pas in all to -62.924465893600484
DEBUG:bluepyopt.ephys.parameters:Set cm in all to 1
DEBUG:bluepyopt.ephys.parameters:Set Ra in all to 244.79131177304342
DEBUG:bluepyopt.ephys.parameters:Set ena in all to 53.34
DEBUG:bluepyopt.ephys.parameters:Set ek in all to -105.9
DEBUG:bluepyopt.ephys.parameters:Set gbar_naf in ['axonal'] to 2.102878809005887 with scaler 1.0 * value + 0.0
DEBUG:bluepyopt.ephys.parameters:Set gbar_kas in ['axonal'] to 0.08734212651497891 with scaler 1.0 * value + 0.0
DEBUG:bluepyopt.ephys.parameters:Set gbar_naf in ['somatic'] to 14.332901397497375 with scaler 1.0 * value + 0.0
DEBUG:bluepyopt.ephys.parameters:Set gbar_kaf in ['somatic'] to 0.3327559839403825 with scaler 1.0 * value + 0.0
DEBUG:bluepyopt.ephys.parameters:Set q_kaf in ['somatic'] to 1.2310764224556812 with scaler 1.0 * value + 0.0
DEBUG:bluepyopt.ephys.parameters:Set gbar_kas in ['somatic'] to 0.0019574237764836033 with scaler 1.0 * value + 0.0
DEBUG:bluepyopt.ephys.parameters:Set gbar_kdr in ['somatic'] to 0.00015538891185050966 with scaler 1.0 * value + 0.0
DEBUG:bluepyopt.ephys.parameters:Set gbar_kir in ['somatic'] to 0.0007306244928220482 with scaler 1.0 * value + 0.0
DEBUG:bluepyopt.ephys.parameters:Set pbar_cal12 in ['somatic'] to 1e-05 with scaler 1.0 * value + 0.0
DEBUG:bluepyopt.ephys.parameters:Set pbar_cal13 in ['somatic'] to 1e-06 with scaler 1.0 * value + 0.0
DEBUG:bluepyopt.ephys.parameters:Set pbar_can in ['somatic'] to 3e-05 with scaler 1.0 * value + 0.0
DEBUG:bluepyopt.ephys.parameters:Set pbar_car in ['somatic'] to 0.0001 with scaler 1.0 * value + 0.0
DEBUG:bluepyopt.ephys.parameters:Set gbar_bk in ['somatic'] to 1.5073727607172334e-05 with scaler 1.0 * value + 0.0
DEBUG:bluepyopt.ephys.parameters:Set gbar_sk in ['somatic'] to 7.08372985635184e-05 with scaler 1.0 * value + 0.0
DEBUG:bluepyopt.ephys.parameters:Set gbar_naf in ['basal'] to 0.03772621179144795 with scaler ((0.1) + (0.9)/(1 + math.exp(({distance}-(40))/(10))))*{value}
DEBUG:bluepyopt.ephys.parameters:Set gbar_kaf in ['basal'] to 0.01750953723195889 with scaler ((1.0) + (0.5)/(1 + math.exp(({distance}-(120))/(-30))))*{value}
DEBUG:bluepyopt.ephys.parameters:Set q_kaf in ['basal'] to 1.2310764224556812 with scaler 1.0 * value + 0.0
DEBUG:bluepyopt.ephys.parameters:Set gbar_kas in ['basal'] to 0.0018241893683428926 with scaler ((1.0) + (9.0)*math.exp(({distance}-(0.0))/(-5.0)))*{value}
DEBUG:bluepyopt.ephys.parameters:Set gbar_kdr in ['basal'] to 0.0007728855900717735 with scaler 1.0 * value + 0.0
DEBUG:bluepyopt.ephys.parameters:Set gbar_kir in ['basal'] to 0.00024874792129379994 with scaler 1.0 * value + 0.0
DEBUG:bluepyopt.ephys.parameters:Set pbar_cal12 in ['basal'] to 1e-05 with scaler 1.0 * value + 0.0
DEBUG:bluepyopt.ephys.parameters:Set pbar_cal13 in ['basal'] to 1e-06 with scaler 1.0 * value + 0.0
DEBUG:bluepyopt.ephys.parameters:Set pbar_car in ['basal'] to 0.0001 with scaler 1.0 * value + 0.0
DEBUG:bluepyopt.ephys.parameters:Set pbar_cat32 in ['basal'] to 2e-09 with scaler ((0.0) + (1.0)/(1 + math.exp(({distance}-(120))/(-30))))*{value}
DEBUG:bluepyopt.ephys.parameters:Set pbar_cat33 in ['basal'] to 2e-09 with scaler ((0.0) + (1.0)/(1 + math.exp(({distance}-(120))/(-30))))*{value}
DEBUG:bluepyopt.ephys.parameters:Set gbar_bk in ['basal'] to 2.8334764669077336e-05 with scaler 1.0 * value + 0.0
DEBUG:bluepyopt.ephys.parameters:Set gbar_sk in ['basal'] to 8.640423150490334e-08 with scaler 1.0 * value + 0.0
DEBUG:bluepyopt.ephys.parameters:Set maxModA_naf in ['somatic'] to 0.7851193276585322 with scaler 1.0 * value + 0.0
DEBUG:bluepyopt.ephys.parameters:Set levelA_naf in ['somatic'] to 0 with scaler 1.0 * value + 0.0
DEBUG:bluepyopt.ephys.parameters:Set modA_naf in ['somatic'] to 0 with scaler 1.0 * value + 0.0
DEBUG:bluepyopt.ephys.parameters:Set maxModA_naf in ['basal'] to 0.6142072116395774 with scaler 1.0 * value + 0.0
DEBUG:bluepyopt.ephys.parameters:Set levelA_naf in ['basal'] to 0 with scaler 1.0 * value + 0.0
DEBUG:bluepyopt.ephys.parameters:Set modA_naf in ['basal'] to 0 with scaler 1.0 * value + 0.0
DEBUG:bluepyopt.ephys.parameters:Set maxModA_kas in ['somatic'] to 0.6674258599403081 with scaler 1.0 * value + 0.0
DEBUG:bluepyopt.ephys.parameters:Set levelA_kas in ['somatic'] to 0 with scaler 1.0 * value + 0.0
DEBUG:bluepyopt.ephys.parameters:Set modA_kas in ['somatic'] to 0 with scaler 1.0 * value + 0.0
DEBUG:bluepyopt.ephys.parameters:Set maxModA_kas in ['basal'] to 0.6540436794880652 with scaler 1.0 * value + 0.0
DEBUG:bluepyopt.ephys.parameters:Set levelA_kas in ['basal'] to 0 with scaler 1.0 * value + 0.0
DEBUG:bluepyopt.ephys.parameters:Set modA_kas in ['basal'] to 0 with scaler 1.0 * value + 0.0
DEBUG:bluepyopt.ephys.parameters:Set maxModA_kaf in ['somatic'] to 0.8332619845547937 with scaler 1.0 * value + 0.0
DEBUG:bluepyopt.ephys.parameters:Set levelA_kaf in ['somatic'] to 0 with scaler 1.0 * value + 0.0
DEBUG:bluepyopt.ephys.parameters:Set modA_kaf in ['somatic'] to 0 with scaler 1.0 * value + 0.0
DEBUG:bluepyopt.ephys.parameters:Set maxModA_kaf in ['basal'] to 0.827815675094985 with scaler 1.0 * value + 0.0
DEBUG:bluepyopt.ephys.parameters:Set levelA_kaf in ['basal'] to 0 with scaler 1.0 * value + 0.0
DEBUG:bluepyopt.ephys.parameters:Set modA_kaf in ['basal'] to 0 with scaler 1.0 * value + 0.0
DEBUG:bluepyopt.ephys.parameters:Set maxModA_kir in ['somatic'] to 1.1980048592987278 with scaler 1.0 * value + 0.0
DEBUG:bluepyopt.ephys.parameters:Set levelA_kir in ['somatic'] to 0 with scaler 1.0 * value + 0.0
DEBUG:bluepyopt.ephys.parameters:Set modA_kir in ['somatic'] to 0 with scaler 1.0 * value + 0.0
DEBUG:bluepyopt.ephys.parameters:Set maxModA_kir in ['basal'] to 1.2414473368931056 with scaler 1.0 * value + 0.0
DEBUG:bluepyopt.ephys.parameters:Set levelA_kir in ['basal'] to 0 with scaler 1.0 * value + 0.0
DEBUG:bluepyopt.ephys.parameters:Set modA_kir in ['basal'] to 0 with scaler 1.0 * value + 0.0
DEBUG:bluepyopt.ephys.parameters:Set maxModA_cal12 in ['somatic'] to 1.7991585642167236 with scaler 1.0 * value + 0.0
DEBUG:bluepyopt.ephys.parameters:Set levelA_cal12 in ['somatic'] to 0 with scaler 1.0 * value + 0.0
DEBUG:bluepyopt.ephys.parameters:Set modA_cal12 in ['somatic'] to 0 with scaler 1.0 * value + 0.0
DEBUG:bluepyopt.ephys.parameters:Set maxModA_cal12 in ['basal'] to 1.4614793622529318 with scaler 1.0 * value + 0.0
DEBUG:bluepyopt.ephys.parameters:Set levelA_cal12 in ['basal'] to 0 with scaler 1.0 * value + 0.0
DEBUG:bluepyopt.ephys.parameters:Set modA_cal12 in ['basal'] to 0 with scaler 1.0 * value + 0.0
DEBUG:bluepyopt.ephys.parameters:Set maxModA_cal13 in ['somatic'] to 1.7805291762864555 with scaler 1.0 * value + 0.0
DEBUG:bluepyopt.ephys.parameters:Set levelA_cal13 in ['somatic'] to 0 with scaler 1.0 * value + 0.0
DEBUG:bluepyopt.ephys.parameters:Set modA_cal13 in ['somatic'] to 0 with scaler 1.0 * value + 0.0
DEBUG:bluepyopt.ephys.parameters:Set maxModA_cal13 in ['basal'] to 1.1182744258689332 with scaler 1.0 * value + 0.0
DEBUG:bluepyopt.ephys.parameters:Set levelA_cal13 in ['basal'] to 0 with scaler 1.0 * value + 0.0
DEBUG:bluepyopt.ephys.parameters:Set modA_cal13 in ['basal'] to 0 with scaler 1.0 * value + 0.0
DEBUG:bluepyopt.ephys.parameters:Set maxModA_can in ['somatic'] to 0.7119368170620191 with scaler 1.0 * value + 0.0
DEBUG:bluepyopt.ephys.parameters:Set levelA_can in ['somatic'] to 0 with scaler 1.0 * value + 0.0
DEBUG:bluepyopt.ephys.parameters:Set modA_can in ['somatic'] to 0 with scaler 1.0 * value + 0.0
DEBUG:bluepyopt.ephys.morphologies:Loading morphology /home/jofrony/Documents/Repositories/Neuromodulation/examples/model/str-dspn-e150602_c1_D1-mWT-0728MSN01-v20210212/21-6-DE-cor-rep-ax-res3.swc
DEBUG:bluepyopt.ephys.morphologies:Replace axon with AIS
DEBUG:bluepyopt.ephys.mechanisms:Inserted pas in ['all']
DEBUG:bluepyopt.ephys.mechanisms:Inserted naf in ['somatic']
DEBUG:bluepyopt.ephys.mechanisms:Inserted kaf in ['somatic']
DEBUG:bluepyopt.ephys.mechanisms:Inserted kas in ['somatic']
DEBUG:bluepyopt.ephys.mechanisms:Inserted kdr in ['somatic']
DEBUG:bluepyopt.ephys.mechanisms:Inserted kir in ['somatic']
DEBUG:bluepyopt.ephys.mechanisms:Inserted cal12 in ['somatic']
DEBUG:bluepyopt.ephys.mechanisms:Inserted cal13 in ['somatic']
DEBUG:bluepyopt.ephys.mechanisms:Inserted can in ['somatic']
DEBUG:bluepyopt.ephys.mechanisms:Inserted car in ['somatic']
DEBUG:bluepyopt.ephys.mechanisms:Inserted cadyn in ['somatic']
DEBUG:bluepyopt.ephys.mechanisms:Inserted caldyn in ['somatic']
DEBUG:bluepyopt.ephys.mechanisms:Inserted sk in ['somatic']
DEBUG:bluepyopt.ephys.mechanisms:Inserted bk in ['somatic']
DEBUG:bluepyopt.ephys.mechanisms:Inserted naf in ['axonal']
DEBUG:bluepyopt.ephys.mechanisms:Inserted kas in ['axonal']
DEBUG:bluepyopt.ephys.mechanisms:Inserted naf in ['basal']
DEBUG:bluepyopt.ephys.mechanisms:Inserted kaf in ['basal']
DEBUG:bluepyopt.ephys.mechanisms:Inserted kas in ['basal']
DEBUG:bluepyopt.ephys.mechanisms:Inserted kdr in ['basal']
DEBUG:bluepyopt.ephys.mechanisms:Inserted kir in ['basal']
DEBUG:bluepyopt.ephys.mechanisms:Inserted cal12 in ['basal']
DEBUG:bluepyopt.ephys.mechanisms:Inserted cal13 in ['basal']
DEBUG:bluepyopt.ephys.mechanisms:Inserted car in ['basal']
DEBUG:bluepyopt.ephys.mechanisms:Inserted cat32 in ['basal']
DEBUG:bluepyopt.ephys.mechanisms:Inserted cat33 in ['basal']
DEBUG:bluepyopt.ephys.mechanisms:Inserted cadyn in ['basal']
DEBUG:bluepyopt.ephys.mechanisms:Inserted caldyn in ['basal']
DEBUG:bluepyopt.ephys.mechanisms:Inserted sk in ['basal']
DEBUG:bluepyopt.ephys.mechanisms:Inserted bk in ['basal']
DEBUG:bluepyopt.ephys.parameters:Set celsius to 35
DEBUG:bluepyopt.ephys.parameters:Set v_init to -86
DEBUG:bluepyopt.ephys.parameters:Set g_pas in axonal to 0.0004351535110721858
DEBUG:bluepyopt.ephys.parameters:Set g_pas in basal to 7.357749162476346e-05
DEBUG:bluepyopt.ephys.parameters:Set g_pas in somatic to 0.0003976041611326113
DEBUG:bluepyopt.ephys.parameters:Set e_pas in all to -62.924465893600484
DEBUG:bluepyopt.ephys.parameters:Set cm in all to 1
DEBUG:bluepyopt.ephys.parameters:Set Ra in all to 244.79131177304342
DEBUG:bluepyopt.ephys.parameters:Set ena in all to 53.34
DEBUG:bluepyopt.ephys.parameters:Set ek in all to -105.9
DEBUG:bluepyopt.ephys.parameters:Set gbar_naf in ['axonal'] to 2.102878809005887 with scaler 1.0 * value + 0.0
DEBUG:bluepyopt.ephys.parameters:Set gbar_kas in ['axonal'] to 0.08734212651497891 with scaler 1.0 * value + 0.0
DEBUG:bluepyopt.ephys.parameters:Set gbar_naf in ['somatic'] to 14.332901397497375 with scaler 1.0 * value + 0.0
DEBUG:bluepyopt.ephys.parameters:Set gbar_kaf in ['somatic'] to 0.3327559839403825 with scaler 1.0 * value + 0.0
DEBUG:bluepyopt.ephys.parameters:Set q_kaf in ['somatic'] to 1.2310764224556812 with scaler 1.0 * value + 0.0
DEBUG:bluepyopt.ephys.parameters:Set gbar_kas in ['somatic'] to 0.0019574237764836033 with scaler 1.0 * value + 0.0
DEBUG:bluepyopt.ephys.parameters:Set gbar_kdr in ['somatic'] to 0.00015538891185050966 with scaler 1.0 * value + 0.0
DEBUG:bluepyopt.ephys.parameters:Set gbar_kir in ['somatic'] to 0.0007306244928220482 with scaler 1.0 * value + 0.0
DEBUG:bluepyopt.ephys.parameters:Set pbar_cal12 in ['somatic'] to 1e-05 with scaler 1.0 * value + 0.0
DEBUG:bluepyopt.ephys.parameters:Set pbar_cal13 in ['somatic'] to 1e-06 with scaler 1.0 * value + 0.0
DEBUG:bluepyopt.ephys.parameters:Set pbar_can in ['somatic'] to 3e-05 with scaler 1.0 * value + 0.0
DEBUG:bluepyopt.ephys.parameters:Set pbar_car in ['somatic'] to 0.0001 with scaler 1.0 * value + 0.0
DEBUG:bluepyopt.ephys.parameters:Set gbar_bk in ['somatic'] to 1.5073727607172334e-05 with scaler 1.0 * value + 0.0
DEBUG:bluepyopt.ephys.parameters:Set gbar_sk in ['somatic'] to 7.08372985635184e-05 with scaler 1.0 * value + 0.0
DEBUG:bluepyopt.ephys.parameters:Set gbar_naf in ['basal'] to 0.03772621179144795 with scaler ((0.1) + (0.9)/(1 + math.exp(({distance}-(40))/(10))))*{value}
DEBUG:bluepyopt.ephys.parameters:Set gbar_kaf in ['basal'] to 0.01750953723195889 with scaler ((1.0) + (0.5)/(1 + math.exp(({distance}-(120))/(-30))))*{value}
DEBUG:bluepyopt.ephys.parameters:Set q_kaf in ['basal'] to 1.2310764224556812 with scaler 1.0 * value + 0.0
DEBUG:bluepyopt.ephys.parameters:Set gbar_kas in ['basal'] to 0.0018241893683428926 with scaler ((1.0) + (9.0)*math.exp(({distance}-(0.0))/(-5.0)))*{value}
DEBUG:bluepyopt.ephys.parameters:Set gbar_kdr in ['basal'] to 0.0007728855900717735 with scaler 1.0 * value + 0.0
DEBUG:bluepyopt.ephys.parameters:Set gbar_kir in ['basal'] to 0.00024874792129379994 with scaler 1.0 * value + 0.0
DEBUG:bluepyopt.ephys.parameters:Set pbar_cal12 in ['basal'] to 1e-05 with scaler 1.0 * value + 0.0
DEBUG:bluepyopt.ephys.parameters:Set pbar_cal13 in ['basal'] to 1e-06 with scaler 1.0 * value + 0.0
DEBUG:bluepyopt.ephys.parameters:Set pbar_car in ['basal'] to 0.0001 with scaler 1.0 * value + 0.0
DEBUG:bluepyopt.ephys.parameters:Set pbar_cat32 in ['basal'] to 2e-09 with scaler ((0.0) + (1.0)/(1 + math.exp(({distance}-(120))/(-30))))*{value}
DEBUG:bluepyopt.ephys.parameters:Set pbar_cat33 in ['basal'] to 2e-09 with scaler ((0.0) + (1.0)/(1 + math.exp(({distance}-(120))/(-30))))*{value}
DEBUG:bluepyopt.ephys.parameters:Set gbar_bk in ['basal'] to 2.8334764669077336e-05 with scaler 1.0 * value + 0.0
DEBUG:bluepyopt.ephys.parameters:Set gbar_sk in ['basal'] to 8.640423150490334e-08 with scaler 1.0 * value + 0.0
DEBUG:bluepyopt.ephys.parameters:Set maxModA_naf in ['somatic'] to 0.6286706574818093 with scaler 1.0 * value + 0.0
DEBUG:bluepyopt.ephys.parameters:Set levelA_naf in ['somatic'] to 0 with scaler 1.0 * value + 0.0
DEBUG:bluepyopt.ephys.parameters:Set modA_naf in ['somatic'] to 0 with scaler 1.0 * value + 0.0
DEBUG:bluepyopt.ephys.parameters:Set maxModA_naf in ['basal'] to 0.7889337834099168 with scaler 1.0 * value + 0.0
DEBUG:bluepyopt.ephys.parameters:Set levelA_naf in ['basal'] to 0 with scaler 1.0 * value + 0.0
DEBUG:bluepyopt.ephys.parameters:Set modA_naf in ['basal'] to 0 with scaler 1.0 * value + 0.0
DEBUG:bluepyopt.ephys.parameters:Set maxModA_kas in ['somatic'] to 0.7543696643500143 with scaler 1.0 * value + 0.0
DEBUG:bluepyopt.ephys.parameters:Set levelA_kas in ['somatic'] to 0 with scaler 1.0 * value + 0.0
DEBUG:bluepyopt.ephys.parameters:Set modA_kas in ['somatic'] to 0 with scaler 1.0 * value + 0.0
DEBUG:bluepyopt.ephys.parameters:Set maxModA_kas in ['basal'] to 0.7329323879981047 with scaler 1.0 * value + 0.0
DEBUG:bluepyopt.ephys.parameters:Set levelA_kas in ['basal'] to 0 with scaler 1.0 * value + 0.0
DEBUG:bluepyopt.ephys.parameters:Set modA_kas in ['basal'] to 0 with scaler 1.0 * value + 0.0
DEBUG:bluepyopt.ephys.parameters:Set maxModA_kaf in ['somatic'] to 0.7764555612104627 with scaler 1.0 * value + 0.0
DEBUG:bluepyopt.ephys.parameters:Set levelA_kaf in ['somatic'] to 0 with scaler 1.0 * value + 0.0
DEBUG:bluepyopt.ephys.parameters:Set modA_kaf in ['somatic'] to 0 with scaler 1.0 * value + 0.0
DEBUG:bluepyopt.ephys.parameters:Set maxModA_kaf in ['basal'] to 0.8274233689434216 with scaler 1.0 * value + 0.0
DEBUG:bluepyopt.ephys.parameters:Set levelA_kaf in ['basal'] to 0 with scaler 1.0 * value + 0.0
DEBUG:bluepyopt.ephys.parameters:Set modA_kaf in ['basal'] to 0 with scaler 1.0 * value + 0.0
DEBUG:bluepyopt.ephys.parameters:Set maxModA_kir in ['somatic'] to 1.0324601328866194 with scaler 1.0 * value + 0.0
DEBUG:bluepyopt.ephys.parameters:Set levelA_kir in ['somatic'] to 0 with scaler 1.0 * value + 0.0
DEBUG:bluepyopt.ephys.parameters:Set modA_kir in ['somatic'] to 0 with scaler 1.0 * value + 0.0
DEBUG:bluepyopt.ephys.parameters:Set maxModA_kir in ['basal'] to 1.0773735795474595 with scaler 1.0 * value + 0.0
DEBUG:bluepyopt.ephys.parameters:Set levelA_kir in ['basal'] to 0 with scaler 1.0 * value + 0.0
DEBUG:bluepyopt.ephys.parameters:Set modA_kir in ['basal'] to 0 with scaler 1.0 * value + 0.0
DEBUG:bluepyopt.ephys.parameters:Set maxModA_cal12 in ['somatic'] to 1.0187898004363551 with scaler 1.0 * value + 0.0
DEBUG:bluepyopt.ephys.parameters:Set levelA_cal12 in ['somatic'] to 0 with scaler 1.0 * value + 0.0
DEBUG:bluepyopt.ephys.parameters:Set modA_cal12 in ['somatic'] to 0 with scaler 1.0 * value + 0.0
DEBUG:bluepyopt.ephys.parameters:Set maxModA_cal12 in ['basal'] to 1.617635497075877 with scaler 1.0 * value + 0.0
DEBUG:bluepyopt.ephys.parameters:Set levelA_cal12 in ['basal'] to 0 with scaler 1.0 * value + 0.0
DEBUG:bluepyopt.ephys.parameters:Set modA_cal12 in ['basal'] to 0 with scaler 1.0 * value + 0.0
DEBUG:bluepyopt.ephys.parameters:Set maxModA_cal13 in ['somatic'] to 1.6120957227224215 with scaler 1.0 * value + 0.0
DEBUG:bluepyopt.ephys.parameters:Set levelA_cal13 in ['somatic'] to 0 with scaler 1.0 * value + 0.0
DEBUG:bluepyopt.ephys.parameters:Set modA_cal13 in ['somatic'] to 0 with scaler 1.0 * value + 0.0
DEBUG:bluepyopt.ephys.parameters:Set maxModA_cal13 in ['basal'] to 1.616933996874757 with scaler 1.0 * value + 0.0
DEBUG:bluepyopt.ephys.parameters:Set levelA_cal13 in ['basal'] to 0 with scaler 1.0 * value + 0.0
DEBUG:bluepyopt.ephys.parameters:Set modA_cal13 in ['basal'] to 0 with scaler 1.0 * value + 0.0
DEBUG:bluepyopt.ephys.parameters:Set maxModA_can in ['somatic'] to 0.9549984628116994 with scaler 1.0 * value + 0.0
DEBUG:bluepyopt.ephys.parameters:Set levelA_can in ['somatic'] to 0 with scaler 1.0 * value + 0.0
DEBUG:bluepyopt.ephys.parameters:Set modA_can in ['somatic'] to 0 with scaler 1.0 * value + 0.0
DEBUG:bluepyopt.ephys.morphologies:Loading morphology /home/jofrony/Documents/Repositories/Neuromodulation/examples/model/str-dspn-e150602_c1_D1-mWT-0728MSN01-v20210212/21-6-DE-cor-rep-ax-res3.swc
DEBUG:bluepyopt.ephys.morphologies:Replace axon with AIS
DEBUG:bluepyopt.ephys.mechanisms:Inserted pas in ['all']
DEBUG:bluepyopt.ephys.mechanisms:Inserted naf in ['somatic']
DEBUG:bluepyopt.ephys.mechanisms:Inserted kaf in ['somatic']
DEBUG:bluepyopt.ephys.mechanisms:Inserted kas in ['somatic']
DEBUG:bluepyopt.ephys.mechanisms:Inserted kdr in ['somatic']
DEBUG:bluepyopt.ephys.mechanisms:Inserted kir in ['somatic']
DEBUG:bluepyopt.ephys.mechanisms:Inserted cal12 in ['somatic']
DEBUG:bluepyopt.ephys.mechanisms:Inserted cal13 in ['somatic']
DEBUG:bluepyopt.ephys.mechanisms:Inserted can in ['somatic']
DEBUG:bluepyopt.ephys.mechanisms:Inserted car in ['somatic']
DEBUG:bluepyopt.ephys.mechanisms:Inserted cadyn in ['somatic']
DEBUG:bluepyopt.ephys.mechanisms:Inserted caldyn in ['somatic']
DEBUG:bluepyopt.ephys.mechanisms:Inserted sk in ['somatic']
DEBUG:bluepyopt.ephys.mechanisms:Inserted bk in ['somatic']
DEBUG:bluepyopt.ephys.mechanisms:Inserted naf in ['axonal']
DEBUG:bluepyopt.ephys.mechanisms:Inserted kas in ['axonal']
DEBUG:bluepyopt.ephys.mechanisms:Inserted naf in ['basal']
DEBUG:bluepyopt.ephys.mechanisms:Inserted kaf in ['basal']
DEBUG:bluepyopt.ephys.mechanisms:Inserted kas in ['basal']
DEBUG:bluepyopt.ephys.mechanisms:Inserted kdr in ['basal']
DEBUG:bluepyopt.ephys.mechanisms:Inserted kir in ['basal']
DEBUG:bluepyopt.ephys.mechanisms:Inserted cal12 in ['basal']
DEBUG:bluepyopt.ephys.mechanisms:Inserted cal13 in ['basal']
DEBUG:bluepyopt.ephys.mechanisms:Inserted car in ['basal']
DEBUG:bluepyopt.ephys.mechanisms:Inserted cat32 in ['basal']
DEBUG:bluepyopt.ephys.mechanisms:Inserted cat33 in ['basal']
DEBUG:bluepyopt.ephys.mechanisms:Inserted cadyn in ['basal']
DEBUG:bluepyopt.ephys.mechanisms:Inserted caldyn in ['basal']
DEBUG:bluepyopt.ephys.mechanisms:Inserted sk in ['basal']
DEBUG:bluepyopt.ephys.mechanisms:Inserted bk in ['basal']
DEBUG:bluepyopt.ephys.parameters:Set celsius to 35
DEBUG:bluepyopt.ephys.parameters:Set v_init to -86
DEBUG:bluepyopt.ephys.parameters:Set g_pas in axonal to 0.0004351535110721858
DEBUG:bluepyopt.ephys.parameters:Set g_pas in basal to 7.357749162476346e-05
DEBUG:bluepyopt.ephys.parameters:Set g_pas in somatic to 0.0003976041611326113
DEBUG:bluepyopt.ephys.parameters:Set e_pas in all to -62.924465893600484
DEBUG:bluepyopt.ephys.parameters:Set cm in all to 1
DEBUG:bluepyopt.ephys.parameters:Set Ra in all to 244.79131177304342
DEBUG:bluepyopt.ephys.parameters:Set ena in all to 53.34
DEBUG:bluepyopt.ephys.parameters:Set ek in all to -105.9
DEBUG:bluepyopt.ephys.parameters:Set gbar_naf in ['axonal'] to 2.102878809005887 with scaler 1.0 * value + 0.0
DEBUG:bluepyopt.ephys.parameters:Set gbar_kas in ['axonal'] to 0.08734212651497891 with scaler 1.0 * value + 0.0
DEBUG:bluepyopt.ephys.parameters:Set gbar_naf in ['somatic'] to 14.332901397497375 with scaler 1.0 * value + 0.0
DEBUG:bluepyopt.ephys.parameters:Set gbar_kaf in ['somatic'] to 0.3327559839403825 with scaler 1.0 * value + 0.0
DEBUG:bluepyopt.ephys.parameters:Set q_kaf in ['somatic'] to 1.2310764224556812 with scaler 1.0 * value + 0.0
DEBUG:bluepyopt.ephys.parameters:Set gbar_kas in ['somatic'] to 0.0019574237764836033 with scaler 1.0 * value + 0.0
DEBUG:bluepyopt.ephys.parameters:Set gbar_kdr in ['somatic'] to 0.00015538891185050966 with scaler 1.0 * value + 0.0
DEBUG:bluepyopt.ephys.parameters:Set gbar_kir in ['somatic'] to 0.0007306244928220482 with scaler 1.0 * value + 0.0
DEBUG:bluepyopt.ephys.parameters:Set pbar_cal12 in ['somatic'] to 1e-05 with scaler 1.0 * value + 0.0
DEBUG:bluepyopt.ephys.parameters:Set pbar_cal13 in ['somatic'] to 1e-06 with scaler 1.0 * value + 0.0
DEBUG:bluepyopt.ephys.parameters:Set pbar_can in ['somatic'] to 3e-05 with scaler 1.0 * value + 0.0
DEBUG:bluepyopt.ephys.parameters:Set pbar_car in ['somatic'] to 0.0001 with scaler 1.0 * value + 0.0
DEBUG:bluepyopt.ephys.parameters:Set gbar_bk in ['somatic'] to 1.5073727607172334e-05 with scaler 1.0 * value + 0.0
DEBUG:bluepyopt.ephys.parameters:Set gbar_sk in ['somatic'] to 7.08372985635184e-05 with scaler 1.0 * value + 0.0
DEBUG:bluepyopt.ephys.parameters:Set gbar_naf in ['basal'] to 0.03772621179144795 with scaler ((0.1) + (0.9)/(1 + math.exp(({distance}-(40))/(10))))*{value}
DEBUG:bluepyopt.ephys.parameters:Set gbar_kaf in ['basal'] to 0.01750953723195889 with scaler ((1.0) + (0.5)/(1 + math.exp(({distance}-(120))/(-30))))*{value}
DEBUG:bluepyopt.ephys.parameters:Set q_kaf in ['basal'] to 1.2310764224556812 with scaler 1.0 * value + 0.0
DEBUG:bluepyopt.ephys.parameters:Set gbar_kas in ['basal'] to 0.0018241893683428926 with scaler ((1.0) + (9.0)*math.exp(({distance}-(0.0))/(-5.0)))*{value}
DEBUG:bluepyopt.ephys.parameters:Set gbar_kdr in ['basal'] to 0.0007728855900717735 with scaler 1.0 * value + 0.0
DEBUG:bluepyopt.ephys.parameters:Set gbar_kir in ['basal'] to 0.00024874792129379994 with scaler 1.0 * value + 0.0
DEBUG:bluepyopt.ephys.parameters:Set pbar_cal12 in ['basal'] to 1e-05 with scaler 1.0 * value + 0.0
DEBUG:bluepyopt.ephys.parameters:Set pbar_cal13 in ['basal'] to 1e-06 with scaler 1.0 * value + 0.0
DEBUG:bluepyopt.ephys.parameters:Set pbar_car in ['basal'] to 0.0001 with scaler 1.0 * value + 0.0
DEBUG:bluepyopt.ephys.parameters:Set pbar_cat32 in ['basal'] to 2e-09 with scaler ((0.0) + (1.0)/(1 + math.exp(({distance}-(120))/(-30))))*{value}
DEBUG:bluepyopt.ephys.parameters:Set pbar_cat33 in ['basal'] to 2e-09 with scaler ((0.0) + (1.0)/(1 + math.exp(({distance}-(120))/(-30))))*{value}
DEBUG:bluepyopt.ephys.parameters:Set gbar_bk in ['basal'] to 2.8334764669077336e-05 with scaler 1.0 * value + 0.0
DEBUG:bluepyopt.ephys.parameters:Set gbar_sk in ['basal'] to 8.640423150490334e-08 with scaler 1.0 * value + 0.0
INFO:root:This worker : 3
DEBUG:bluepyopt.ephys.morphologies:Loading morphology /home/jofrony/Documents/Repositories/Neuromodulation/examples/model/str-dspn-e150602_c1_D1-mWT-0728MSN01-v20210212/21-6-DE-cor-rep-ax-res3.swc
DEBUG:bluepyopt.ephys.morphologies:Replace axon with AIS
DEBUG:bluepyopt.ephys.mechanisms:Inserted pas in ['all']
DEBUG:bluepyopt.ephys.mechanisms:Inserted naf in ['somatic']
DEBUG:bluepyopt.ephys.mechanisms:Inserted kaf in ['somatic']
DEBUG:bluepyopt.ephys.mechanisms:Inserted kas in ['somatic']
DEBUG:bluepyopt.ephys.mechanisms:Inserted kdr in ['somatic']
DEBUG:bluepyopt.ephys.mechanisms:Inserted kir in ['somatic']
DEBUG:bluepyopt.ephys.mechanisms:Inserted cal12 in ['somatic']
DEBUG:bluepyopt.ephys.mechanisms:Inserted cal13 in ['somatic']
DEBUG:bluepyopt.ephys.mechanisms:Inserted can in ['somatic']
DEBUG:bluepyopt.ephys.mechanisms:Inserted car in ['somatic']
DEBUG:bluepyopt.ephys.mechanisms:Inserted cadyn in ['somatic']
DEBUG:bluepyopt.ephys.mechanisms:Inserted caldyn in ['somatic']
DEBUG:bluepyopt.ephys.mechanisms:Inserted sk in ['somatic']
DEBUG:bluepyopt.ephys.mechanisms:Inserted bk in ['somatic']
DEBUG:bluepyopt.ephys.mechanisms:Inserted naf in ['axonal']
DEBUG:bluepyopt.ephys.mechanisms:Inserted kas in ['axonal']
DEBUG:bluepyopt.ephys.mechanisms:Inserted naf in ['basal']
DEBUG:bluepyopt.ephys.mechanisms:Inserted kaf in ['basal']
DEBUG:bluepyopt.ephys.mechanisms:Inserted kas in ['basal']
DEBUG:bluepyopt.ephys.mechanisms:Inserted kdr in ['basal']
DEBUG:bluepyopt.ephys.mechanisms:Inserted kir in ['basal']
DEBUG:bluepyopt.ephys.mechanisms:Inserted cal12 in ['basal']
DEBUG:bluepyopt.ephys.mechanisms:Inserted cal13 in ['basal']
DEBUG:bluepyopt.ephys.mechanisms:Inserted car in ['basal']
DEBUG:bluepyopt.ephys.mechanisms:Inserted cat32 in ['basal']
DEBUG:bluepyopt.ephys.mechanisms:Inserted cat33 in ['basal']
DEBUG:bluepyopt.ephys.mechanisms:Inserted cadyn in ['basal']
DEBUG:bluepyopt.ephys.mechanisms:Inserted caldyn in ['basal']
DEBUG:bluepyopt.ephys.mechanisms:Inserted sk in ['basal']
DEBUG:bluepyopt.ephys.mechanisms:Inserted bk in ['basal']
DEBUG:bluepyopt.ephys.parameters:Set celsius to 35
DEBUG:bluepyopt.ephys.parameters:Set v_init to -86
DEBUG:bluepyopt.ephys.parameters:Set g_pas in axonal to 0.0004351535110721858
DEBUG:bluepyopt.ephys.parameters:Set g_pas in basal to 7.357749162476346e-05
DEBUG:bluepyopt.ephys.parameters:Set g_pas in somatic to 0.0003976041611326113
DEBUG:bluepyopt.ephys.parameters:Set e_pas in all to -62.924465893600484
DEBUG:bluepyopt.ephys.parameters:Set cm in all to 1
DEBUG:bluepyopt.ephys.parameters:Set Ra in all to 244.79131177304342
DEBUG:bluepyopt.ephys.parameters:Set ena in all to 53.34
DEBUG:bluepyopt.ephys.parameters:Set ek in all to -105.9
DEBUG:bluepyopt.ephys.parameters:Set gbar_naf in ['axonal'] to 2.102878809005887 with scaler 1.0 * value + 0.0
DEBUG:bluepyopt.ephys.parameters:Set gbar_kas in ['axonal'] to 0.08734212651497891 with scaler 1.0 * value + 0.0
DEBUG:bluepyopt.ephys.parameters:Set gbar_naf in ['somatic'] to 14.332901397497375 with scaler 1.0 * value + 0.0
DEBUG:bluepyopt.ephys.parameters:Set gbar_kaf in ['somatic'] to 0.3327559839403825 with scaler 1.0 * value + 0.0
DEBUG:bluepyopt.ephys.parameters:Set q_kaf in ['somatic'] to 1.2310764224556812 with scaler 1.0 * value + 0.0
DEBUG:bluepyopt.ephys.parameters:Set gbar_kas in ['somatic'] to 0.0019574237764836033 with scaler 1.0 * value + 0.0
DEBUG:bluepyopt.ephys.parameters:Set gbar_kdr in ['somatic'] to 0.00015538891185050966 with scaler 1.0 * value + 0.0
DEBUG:bluepyopt.ephys.parameters:Set gbar_kir in ['somatic'] to 0.0007306244928220482 with scaler 1.0 * value + 0.0
DEBUG:bluepyopt.ephys.parameters:Set pbar_cal12 in ['somatic'] to 1e-05 with scaler 1.0 * value + 0.0
DEBUG:bluepyopt.ephys.parameters:Set pbar_cal13 in ['somatic'] to 1e-06 with scaler 1.0 * value + 0.0
DEBUG:bluepyopt.ephys.parameters:Set pbar_can in ['somatic'] to 3e-05 with scaler 1.0 * value + 0.0
DEBUG:bluepyopt.ephys.parameters:Set pbar_car in ['somatic'] to 0.0001 with scaler 1.0 * value + 0.0
DEBUG:bluepyopt.ephys.parameters:Set gbar_bk in ['somatic'] to 1.5073727607172334e-05 with scaler 1.0 * value + 0.0
DEBUG:bluepyopt.ephys.parameters:Set gbar_sk in ['somatic'] to 7.08372985635184e-05 with scaler 1.0 * value + 0.0
DEBUG:bluepyopt.ephys.parameters:Set gbar_naf in ['basal'] to 0.03772621179144795 with scaler ((0.1) + (0.9)/(1 + math.exp(({distance}-(40))/(10))))*{value}
DEBUG:bluepyopt.ephys.parameters:Set gbar_kaf in ['basal'] to 0.01750953723195889 with scaler ((1.0) + (0.5)/(1 + math.exp(({distance}-(120))/(-30))))*{value}
DEBUG:bluepyopt.ephys.parameters:Set q_kaf in ['basal'] to 1.2310764224556812 with scaler 1.0 * value + 0.0
DEBUG:bluepyopt.ephys.parameters:Set gbar_kas in ['basal'] to 0.0018241893683428926 with scaler ((1.0) + (9.0)*math.exp(({distance}-(0.0))/(-5.0)))*{value}
DEBUG:bluepyopt.ephys.parameters:Set gbar_kdr in ['basal'] to 0.0007728855900717735 with scaler 1.0 * value + 0.0
DEBUG:bluepyopt.ephys.parameters:Set gbar_kir in ['basal'] to 0.00024874792129379994 with scaler 1.0 * value + 0.0
DEBUG:bluepyopt.ephys.parameters:Set pbar_cal12 in ['basal'] to 1e-05 with scaler 1.0 * value + 0.0
DEBUG:bluepyopt.ephys.parameters:Set pbar_cal13 in ['basal'] to 1e-06 with scaler 1.0 * value + 0.0
DEBUG:bluepyopt.ephys.parameters:Set pbar_car in ['basal'] to 0.0001 with scaler 1.0 * value + 0.0
DEBUG:bluepyopt.ephys.parameters:Set pbar_cat32 in ['basal'] to 2e-09 with scaler ((0.0) + (1.0)/(1 + math.exp(({distance}-(120))/(-30))))*{value}
DEBUG:bluepyopt.ephys.parameters:Set pbar_cat33 in ['basal'] to 2e-09 with scaler ((0.0) + (1.0)/(1 + math.exp(({distance}-(120))/(-30))))*{value}
DEBUG:bluepyopt.ephys.parameters:Set gbar_bk in ['basal'] to 2.8334764669077336e-05 with scaler 1.0 * value + 0.0
DEBUG:bluepyopt.ephys.parameters:Set gbar_sk in ['basal'] to 8.640423150490334e-08 with scaler 1.0 * value + 0.0
DEBUG:bluepyopt.ephys.parameters:Set maxModA_naf in ['somatic'] to 0.709762700785465 with scaler 1.0 * value + 0.0
DEBUG:bluepyopt.ephys.parameters:Set levelA_naf in ['somatic'] to 0 with scaler 1.0 * value + 0.0
DEBUG:bluepyopt.ephys.parameters:Set modA_naf in ['somatic'] to 0 with scaler 1.0 * value + 0.0
DEBUG:bluepyopt.ephys.parameters:Set maxModA_naf in ['basal'] to 0.7430378732744839 with scaler 1.0 * value + 0.0
DEBUG:bluepyopt.ephys.parameters:Set levelA_naf in ['basal'] to 0 with scaler 1.0 * value + 0.0
DEBUG:bluepyopt.ephys.parameters:Set modA_naf in ['basal'] to 0 with scaler 1.0 * value + 0.0
DEBUG:bluepyopt.ephys.parameters:Set maxModA_kas in ['somatic'] to 0.7705526752143288 with scaler 1.0 * value + 0.0
DEBUG:bluepyopt.ephys.parameters:Set levelA_kas in ['somatic'] to 0 with scaler 1.0 * value + 0.0
DEBUG:bluepyopt.ephys.parameters:Set modA_kas in ['somatic'] to 0 with scaler 1.0 * value + 0.0
DEBUG:bluepyopt.ephys.parameters:Set maxModA_kas in ['basal'] to 0.7589766365993794 with scaler 1.0 * value + 0.0
DEBUG:bluepyopt.ephys.parameters:Set levelA_kas in ['basal'] to 0 with scaler 1.0 * value + 0.0
DEBUG:bluepyopt.ephys.parameters:Set modA_kas in ['basal'] to 0 with scaler 1.0 * value + 0.0
DEBUG:bluepyopt.ephys.parameters:Set maxModA_kaf in ['somatic'] to 0.7923654799338905 with scaler 1.0 * value + 0.0
DEBUG:bluepyopt.ephys.parameters:Set levelA_kaf in ['somatic'] to 0 with scaler 1.0 * value + 0.0
DEBUG:bluepyopt.ephys.parameters:Set modA_kaf in ['somatic'] to 0 with scaler 1.0 * value + 0.0
DEBUG:bluepyopt.ephys.parameters:Set maxModA_kaf in ['basal'] to 0.8145894113066656 with scaler 1.0 * value + 0.0
DEBUG:bluepyopt.ephys.parameters:Set levelA_kaf in ['basal'] to 0 with scaler 1.0 * value + 0.0
DEBUG:bluepyopt.ephys.parameters:Set modA_kaf in ['basal'] to 0 with scaler 1.0 * value + 0.0
DEBUG:bluepyopt.ephys.parameters:Set maxModA_kir in ['somatic'] to 1.025034884505077 with scaler 1.0 * value + 0.0
DEBUG:bluepyopt.ephys.parameters:Set levelA_kir in ['somatic'] to 0 with scaler 1.0 * value + 0.0
DEBUG:bluepyopt.ephys.parameters:Set modA_kir in ['somatic'] to 0 with scaler 1.0 * value + 0.0
DEBUG:bluepyopt.ephys.parameters:Set maxModA_kir in ['basal'] to 1.206709200312832 with scaler 1.0 * value + 0.0
DEBUG:bluepyopt.ephys.parameters:Set levelA_kir in ['basal'] to 0 with scaler 1.0 * value + 0.0
DEBUG:bluepyopt.ephys.parameters:Set modA_kir in ['basal'] to 0 with scaler 1.0 * value + 0.0
DEBUG:bluepyopt.ephys.parameters:Set maxModA_cal12 in ['somatic'] to 1.9636627605010293 with scaler 1.0 * value + 0.0
DEBUG:bluepyopt.ephys.parameters:Set levelA_cal12 in ['somatic'] to 0 with scaler 1.0 * value + 0.0
DEBUG:bluepyopt.ephys.parameters:Set modA_cal12 in ['somatic'] to 0 with scaler 1.0 * value + 0.0
DEBUG:bluepyopt.ephys.parameters:Set maxModA_cal12 in ['basal'] to 1.3834415188257778 with scaler 1.0 * value + 0.0
DEBUG:bluepyopt.ephys.parameters:Set levelA_cal12 in ['basal'] to 0 with scaler 1.0 * value + 0.0
DEBUG:bluepyopt.ephys.parameters:Set modA_cal12 in ['basal'] to 0 with scaler 1.0 * value + 0.0
DEBUG:bluepyopt.ephys.parameters:Set maxModA_cal13 in ['somatic'] to 1.7917250380826646 with scaler 1.0 * value + 0.0
DEBUG:bluepyopt.ephys.parameters:Set levelA_cal13 in ['somatic'] to 0 with scaler 1.0 * value + 0.0
DEBUG:bluepyopt.ephys.parameters:Set modA_cal13 in ['somatic'] to 0 with scaler 1.0 * value + 0.0
DEBUG:bluepyopt.ephys.parameters:Set maxModA_cal13 in ['basal'] to 1.5288949197529045 with scaler 1.0 * value + 0.0
DEBUG:bluepyopt.ephys.parameters:Set levelA_cal13 in ['basal'] to 0 with scaler 1.0 * value + 0.0
DEBUG:bluepyopt.ephys.parameters:Set modA_cal13 in ['basal'] to 0 with scaler 1.0 * value + 0.0
DEBUG:bluepyopt.ephys.parameters:Set maxModA_can in ['somatic'] to 0.6544356488751459 with scaler 1.0 * value + 0.0
DEBUG:bluepyopt.ephys.parameters:Set levelA_can in ['somatic'] to 0 with scaler 1.0 * value + 0.0
DEBUG:bluepyopt.ephys.parameters:Set modA_can in ['somatic'] to 0 with scaler 1.0 * value + 0.0
DEBUG:bluepyopt.ephys.morphologies:Loading morphology /home/jofrony/Documents/Repositories/Neuromodulation/examples/model/str-dspn-e150602_c1_D1-mWT-0728MSN01-v20210212/21-6-DE-cor-rep-ax-res3.swc
DEBUG:bluepyopt.ephys.morphologies:Replace axon with AIS
DEBUG:bluepyopt.ephys.mechanisms:Inserted pas in ['all']
DEBUG:bluepyopt.ephys.mechanisms:Inserted naf in ['somatic']
DEBUG:bluepyopt.ephys.mechanisms:Inserted kaf in ['somatic']
DEBUG:bluepyopt.ephys.mechanisms:Inserted kas in ['somatic']
DEBUG:bluepyopt.ephys.mechanisms:Inserted kdr in ['somatic']
DEBUG:bluepyopt.ephys.mechanisms:Inserted kir in ['somatic']
DEBUG:bluepyopt.ephys.mechanisms:Inserted cal12 in ['somatic']
DEBUG:bluepyopt.ephys.mechanisms:Inserted cal13 in ['somatic']
DEBUG:bluepyopt.ephys.mechanisms:Inserted can in ['somatic']
DEBUG:bluepyopt.ephys.mechanisms:Inserted car in ['somatic']
DEBUG:bluepyopt.ephys.mechanisms:Inserted cadyn in ['somatic']
DEBUG:bluepyopt.ephys.mechanisms:Inserted caldyn in ['somatic']
DEBUG:bluepyopt.ephys.mechanisms:Inserted sk in ['somatic']
DEBUG:bluepyopt.ephys.mechanisms:Inserted bk in ['somatic']
DEBUG:bluepyopt.ephys.mechanisms:Inserted naf in ['axonal']
DEBUG:bluepyopt.ephys.mechanisms:Inserted kas in ['axonal']
DEBUG:bluepyopt.ephys.mechanisms:Inserted naf in ['basal']
DEBUG:bluepyopt.ephys.mechanisms:Inserted kaf in ['basal']
DEBUG:bluepyopt.ephys.mechanisms:Inserted kas in ['basal']
DEBUG:bluepyopt.ephys.mechanisms:Inserted kdr in ['basal']
DEBUG:bluepyopt.ephys.mechanisms:Inserted kir in ['basal']
DEBUG:bluepyopt.ephys.mechanisms:Inserted cal12 in ['basal']
DEBUG:bluepyopt.ephys.mechanisms:Inserted cal13 in ['basal']
DEBUG:bluepyopt.ephys.mechanisms:Inserted car in ['basal']
DEBUG:bluepyopt.ephys.mechanisms:Inserted cat32 in ['basal']
DEBUG:bluepyopt.ephys.mechanisms:Inserted cat33 in ['basal']
DEBUG:bluepyopt.ephys.mechanisms:Inserted cadyn in ['basal']
DEBUG:bluepyopt.ephys.mechanisms:Inserted caldyn in ['basal']
DEBUG:bluepyopt.ephys.mechanisms:Inserted sk in ['basal']
DEBUG:bluepyopt.ephys.mechanisms:Inserted bk in ['basal']
DEBUG:bluepyopt.ephys.parameters:Set celsius to 35
DEBUG:bluepyopt.ephys.parameters:Set v_init to -86
DEBUG:bluepyopt.ephys.parameters:Set g_pas in axonal to 0.0004351535110721858
DEBUG:bluepyopt.ephys.parameters:Set g_pas in basal to 7.357749162476346e-05
DEBUG:bluepyopt.ephys.parameters:Set g_pas in somatic to 0.0003976041611326113
DEBUG:bluepyopt.ephys.parameters:Set e_pas in all to -62.924465893600484
DEBUG:bluepyopt.ephys.parameters:Set cm in all to 1
DEBUG:bluepyopt.ephys.parameters:Set Ra in all to 244.79131177304342
DEBUG:bluepyopt.ephys.parameters:Set ena in all to 53.34
DEBUG:bluepyopt.ephys.parameters:Set ek in all to -105.9
DEBUG:bluepyopt.ephys.parameters:Set gbar_naf in ['axonal'] to 2.102878809005887 with scaler 1.0 * value + 0.0
DEBUG:bluepyopt.ephys.parameters:Set gbar_kas in ['axonal'] to 0.08734212651497891 with scaler 1.0 * value + 0.0
DEBUG:bluepyopt.ephys.parameters:Set gbar_naf in ['somatic'] to 14.332901397497375 with scaler 1.0 * value + 0.0
DEBUG:bluepyopt.ephys.parameters:Set gbar_kaf in ['somatic'] to 0.3327559839403825 with scaler 1.0 * value + 0.0
DEBUG:bluepyopt.ephys.parameters:Set q_kaf in ['somatic'] to 1.2310764224556812 with scaler 1.0 * value + 0.0
DEBUG:bluepyopt.ephys.parameters:Set gbar_kas in ['somatic'] to 0.0019574237764836033 with scaler 1.0 * value + 0.0
DEBUG:bluepyopt.ephys.parameters:Set gbar_kdr in ['somatic'] to 0.00015538891185050966 with scaler 1.0 * value + 0.0
DEBUG:bluepyopt.ephys.parameters:Set gbar_kir in ['somatic'] to 0.0007306244928220482 with scaler 1.0 * value + 0.0
DEBUG:bluepyopt.ephys.parameters:Set pbar_cal12 in ['somatic'] to 1e-05 with scaler 1.0 * value + 0.0
DEBUG:bluepyopt.ephys.parameters:Set pbar_cal13 in ['somatic'] to 1e-06 with scaler 1.0 * value + 0.0
DEBUG:bluepyopt.ephys.parameters:Set pbar_can in ['somatic'] to 3e-05 with scaler 1.0 * value + 0.0
DEBUG:bluepyopt.ephys.parameters:Set pbar_car in ['somatic'] to 0.0001 with scaler 1.0 * value + 0.0
DEBUG:bluepyopt.ephys.parameters:Set gbar_bk in ['somatic'] to 1.5073727607172334e-05 with scaler 1.0 * value + 0.0
DEBUG:bluepyopt.ephys.parameters:Set gbar_sk in ['somatic'] to 7.08372985635184e-05 with scaler 1.0 * value + 0.0
DEBUG:bluepyopt.ephys.parameters:Set gbar_naf in ['basal'] to 0.03772621179144795 with scaler ((0.1) + (0.9)/(1 + math.exp(({distance}-(40))/(10))))*{value}
DEBUG:bluepyopt.ephys.parameters:Set gbar_kaf in ['basal'] to 0.01750953723195889 with scaler ((1.0) + (0.5)/(1 + math.exp(({distance}-(120))/(-30))))*{value}
DEBUG:bluepyopt.ephys.parameters:Set q_kaf in ['basal'] to 1.2310764224556812 with scaler 1.0 * value + 0.0
DEBUG:bluepyopt.ephys.parameters:Set gbar_kas in ['basal'] to 0.0018241893683428926 with scaler ((1.0) + (9.0)*math.exp(({distance}-(0.0))/(-5.0)))*{value}
DEBUG:bluepyopt.ephys.parameters:Set gbar_kdr in ['basal'] to 0.0007728855900717735 with scaler 1.0 * value + 0.0
DEBUG:bluepyopt.ephys.parameters:Set gbar_kir in ['basal'] to 0.00024874792129379994 with scaler 1.0 * value + 0.0
DEBUG:bluepyopt.ephys.parameters:Set pbar_cal12 in ['basal'] to 1e-05 with scaler 1.0 * value + 0.0
DEBUG:bluepyopt.ephys.parameters:Set pbar_cal13 in ['basal'] to 1e-06 with scaler 1.0 * value + 0.0
DEBUG:bluepyopt.ephys.parameters:Set pbar_car in ['basal'] to 0.0001 with scaler 1.0 * value + 0.0
DEBUG:bluepyopt.ephys.parameters:Set pbar_cat32 in ['basal'] to 2e-09 with scaler ((0.0) + (1.0)/(1 + math.exp(({distance}-(120))/(-30))))*{value}
DEBUG:bluepyopt.ephys.parameters:Set pbar_cat33 in ['basal'] to 2e-09 with scaler ((0.0) + (1.0)/(1 + math.exp(({distance}-(120))/(-30))))*{value}
DEBUG:bluepyopt.ephys.parameters:Set gbar_bk in ['basal'] to 2.8334764669077336e-05 with scaler 1.0 * value + 0.0
DEBUG:bluepyopt.ephys.parameters:Set gbar_sk in ['basal'] to 8.640423150490334e-08 with scaler 1.0 * value + 0.0
DEBUG:bluepyopt.ephys.parameters:Set maxModA_naf in ['somatic'] to 0.7851193276585322 with scaler 1.0 * value + 0.0
DEBUG:bluepyopt.ephys.parameters:Set levelA_naf in ['somatic'] to 0 with scaler 1.0 * value + 0.0
DEBUG:bluepyopt.ephys.parameters:Set modA_naf in ['somatic'] to 0 with scaler 1.0 * value + 0.0
DEBUG:bluepyopt.ephys.parameters:Set maxModA_naf in ['basal'] to 0.6142072116395774 with scaler 1.0 * value + 0.0
DEBUG:bluepyopt.ephys.parameters:Set levelA_naf in ['basal'] to 0 with scaler 1.0 * value + 0.0
DEBUG:bluepyopt.ephys.parameters:Set modA_naf in ['basal'] to 0 with scaler 1.0 * value + 0.0
DEBUG:bluepyopt.ephys.parameters:Set maxModA_kas in ['somatic'] to 0.6674258599403081 with scaler 1.0 * value + 0.0
DEBUG:bluepyopt.ephys.parameters:Set levelA_kas in ['somatic'] to 0 with scaler 1.0 * value + 0.0
DEBUG:bluepyopt.ephys.parameters:Set modA_kas in ['somatic'] to 0 with scaler 1.0 * value + 0.0
DEBUG:bluepyopt.ephys.parameters:Set maxModA_kas in ['basal'] to 0.6540436794880652 with scaler 1.0 * value + 0.0
DEBUG:bluepyopt.ephys.parameters:Set levelA_kas in ['basal'] to 0 with scaler 1.0 * value + 0.0
DEBUG:bluepyopt.ephys.parameters:Set modA_kas in ['basal'] to 0 with scaler 1.0 * value + 0.0
DEBUG:bluepyopt.ephys.parameters:Set maxModA_kaf in ['somatic'] to 0.8332619845547937 with scaler 1.0 * value + 0.0
DEBUG:bluepyopt.ephys.parameters:Set levelA_kaf in ['somatic'] to 0 with scaler 1.0 * value + 0.0
DEBUG:bluepyopt.ephys.parameters:Set modA_kaf in ['somatic'] to 0 with scaler 1.0 * value + 0.0
DEBUG:bluepyopt.ephys.parameters:Set maxModA_kaf in ['basal'] to 0.827815675094985 with scaler 1.0 * value + 0.0
DEBUG:bluepyopt.ephys.parameters:Set levelA_kaf in ['basal'] to 0 with scaler 1.0 * value + 0.0
DEBUG:bluepyopt.ephys.parameters:Set modA_kaf in ['basal'] to 0 with scaler 1.0 * value + 0.0
DEBUG:bluepyopt.ephys.parameters:Set maxModA_kir in ['somatic'] to 1.1980048592987278 with scaler 1.0 * value + 0.0
DEBUG:bluepyopt.ephys.parameters:Set levelA_kir in ['somatic'] to 0 with scaler 1.0 * value + 0.0
DEBUG:bluepyopt.ephys.parameters:Set modA_kir in ['somatic'] to 0 with scaler 1.0 * value + 0.0
DEBUG:bluepyopt.ephys.parameters:Set maxModA_kir in ['basal'] to 1.2414473368931056 with scaler 1.0 * value + 0.0
DEBUG:bluepyopt.ephys.parameters:Set levelA_kir in ['basal'] to 0 with scaler 1.0 * value + 0.0
DEBUG:bluepyopt.ephys.parameters:Set modA_kir in ['basal'] to 0 with scaler 1.0 * value + 0.0
DEBUG:bluepyopt.ephys.parameters:Set maxModA_cal12 in ['somatic'] to 1.7991585642167236 with scaler 1.0 * value + 0.0
DEBUG:bluepyopt.ephys.parameters:Set levelA_cal12 in ['somatic'] to 0 with scaler 1.0 * value + 0.0
DEBUG:bluepyopt.ephys.parameters:Set modA_cal12 in ['somatic'] to 0 with scaler 1.0 * value + 0.0
DEBUG:bluepyopt.ephys.parameters:Set maxModA_cal12 in ['basal'] to 1.4614793622529318 with scaler 1.0 * value + 0.0
DEBUG:bluepyopt.ephys.parameters:Set levelA_cal12 in ['basal'] to 0 with scaler 1.0 * value + 0.0
DEBUG:bluepyopt.ephys.parameters:Set modA_cal12 in ['basal'] to 0 with scaler 1.0 * value + 0.0
DEBUG:bluepyopt.ephys.parameters:Set maxModA_cal13 in ['somatic'] to 1.7805291762864555 with scaler 1.0 * value + 0.0
DEBUG:bluepyopt.ephys.parameters:Set levelA_cal13 in ['somatic'] to 0 with scaler 1.0 * value + 0.0
DEBUG:bluepyopt.ephys.parameters:Set modA_cal13 in ['somatic'] to 0 with scaler 1.0 * value + 0.0
DEBUG:bluepyopt.ephys.parameters:Set maxModA_cal13 in ['basal'] to 1.1182744258689332 with scaler 1.0 * value + 0.0
DEBUG:bluepyopt.ephys.parameters:Set levelA_cal13 in ['basal'] to 0 with scaler 1.0 * value + 0.0
DEBUG:bluepyopt.ephys.parameters:Set modA_cal13 in ['basal'] to 0 with scaler 1.0 * value + 0.0
DEBUG:bluepyopt.ephys.parameters:Set maxModA_can in ['somatic'] to 0.7119368170620191 with scaler 1.0 * value + 0.0
DEBUG:bluepyopt.ephys.parameters:Set levelA_can in ['somatic'] to 0 with scaler 1.0 * value + 0.0
DEBUG:bluepyopt.ephys.parameters:Set modA_can in ['somatic'] to 0 with scaler 1.0 * value + 0.0
DEBUG:bluepyopt.ephys.morphologies:Loading morphology /home/jofrony/Documents/Repositories/Neuromodulation/examples/model/str-dspn-e150602_c1_D1-mWT-0728MSN01-v20210212/21-6-DE-cor-rep-ax-res3.swc
DEBUG:bluepyopt.ephys.morphologies:Replace axon with AIS
DEBUG:bluepyopt.ephys.mechanisms:Inserted pas in ['all']
DEBUG:bluepyopt.ephys.mechanisms:Inserted naf in ['somatic']
DEBUG:bluepyopt.ephys.mechanisms:Inserted kaf in ['somatic']
DEBUG:bluepyopt.ephys.mechanisms:Inserted kas in ['somatic']
DEBUG:bluepyopt.ephys.mechanisms:Inserted kdr in ['somatic']
DEBUG:bluepyopt.ephys.mechanisms:Inserted kir in ['somatic']
DEBUG:bluepyopt.ephys.mechanisms:Inserted cal12 in ['somatic']
DEBUG:bluepyopt.ephys.mechanisms:Inserted cal13 in ['somatic']
DEBUG:bluepyopt.ephys.mechanisms:Inserted can in ['somatic']
DEBUG:bluepyopt.ephys.mechanisms:Inserted car in ['somatic']
DEBUG:bluepyopt.ephys.mechanisms:Inserted cadyn in ['somatic']
DEBUG:bluepyopt.ephys.mechanisms:Inserted caldyn in ['somatic']
DEBUG:bluepyopt.ephys.mechanisms:Inserted sk in ['somatic']
DEBUG:bluepyopt.ephys.mechanisms:Inserted bk in ['somatic']
DEBUG:bluepyopt.ephys.mechanisms:Inserted naf in ['axonal']
DEBUG:bluepyopt.ephys.mechanisms:Inserted kas in ['axonal']
DEBUG:bluepyopt.ephys.mechanisms:Inserted naf in ['basal']
DEBUG:bluepyopt.ephys.mechanisms:Inserted kaf in ['basal']
DEBUG:bluepyopt.ephys.mechanisms:Inserted kas in ['basal']
DEBUG:bluepyopt.ephys.mechanisms:Inserted kdr in ['basal']
DEBUG:bluepyopt.ephys.mechanisms:Inserted kir in ['basal']
DEBUG:bluepyopt.ephys.mechanisms:Inserted cal12 in ['basal']
DEBUG:bluepyopt.ephys.mechanisms:Inserted cal13 in ['basal']
DEBUG:bluepyopt.ephys.mechanisms:Inserted car in ['basal']
DEBUG:bluepyopt.ephys.mechanisms:Inserted cat32 in ['basal']
DEBUG:bluepyopt.ephys.mechanisms:Inserted cat33 in ['basal']
DEBUG:bluepyopt.ephys.mechanisms:Inserted cadyn in ['basal']
DEBUG:bluepyopt.ephys.mechanisms:Inserted caldyn in ['basal']
DEBUG:bluepyopt.ephys.mechanisms:Inserted sk in ['basal']
DEBUG:bluepyopt.ephys.mechanisms:Inserted bk in ['basal']
DEBUG:bluepyopt.ephys.parameters:Set celsius to 35
DEBUG:bluepyopt.ephys.parameters:Set v_init to -86
DEBUG:bluepyopt.ephys.parameters:Set g_pas in axonal to 0.0004351535110721858
DEBUG:bluepyopt.ephys.parameters:Set g_pas in basal to 7.357749162476346e-05
DEBUG:bluepyopt.ephys.parameters:Set g_pas in somatic to 0.0003976041611326113
DEBUG:bluepyopt.ephys.parameters:Set e_pas in all to -62.924465893600484
DEBUG:bluepyopt.ephys.parameters:Set cm in all to 1
DEBUG:bluepyopt.ephys.parameters:Set Ra in all to 244.79131177304342
DEBUG:bluepyopt.ephys.parameters:Set ena in all to 53.34
DEBUG:bluepyopt.ephys.parameters:Set ek in all to -105.9
DEBUG:bluepyopt.ephys.parameters:Set gbar_naf in ['axonal'] to 2.102878809005887 with scaler 1.0 * value + 0.0
DEBUG:bluepyopt.ephys.parameters:Set gbar_kas in ['axonal'] to 0.08734212651497891 with scaler 1.0 * value + 0.0
DEBUG:bluepyopt.ephys.parameters:Set gbar_naf in ['somatic'] to 14.332901397497375 with scaler 1.0 * value + 0.0
DEBUG:bluepyopt.ephys.parameters:Set gbar_kaf in ['somatic'] to 0.3327559839403825 with scaler 1.0 * value + 0.0
DEBUG:bluepyopt.ephys.parameters:Set q_kaf in ['somatic'] to 1.2310764224556812 with scaler 1.0 * value + 0.0
DEBUG:bluepyopt.ephys.parameters:Set gbar_kas in ['somatic'] to 0.0019574237764836033 with scaler 1.0 * value + 0.0
DEBUG:bluepyopt.ephys.parameters:Set gbar_kdr in ['somatic'] to 0.00015538891185050966 with scaler 1.0 * value + 0.0
DEBUG:bluepyopt.ephys.parameters:Set gbar_kir in ['somatic'] to 0.0007306244928220482 with scaler 1.0 * value + 0.0
DEBUG:bluepyopt.ephys.parameters:Set pbar_cal12 in ['somatic'] to 1e-05 with scaler 1.0 * value + 0.0
DEBUG:bluepyopt.ephys.parameters:Set pbar_cal13 in ['somatic'] to 1e-06 with scaler 1.0 * value + 0.0
DEBUG:bluepyopt.ephys.parameters:Set pbar_can in ['somatic'] to 3e-05 with scaler 1.0 * value + 0.0
DEBUG:bluepyopt.ephys.parameters:Set pbar_car in ['somatic'] to 0.0001 with scaler 1.0 * value + 0.0
DEBUG:bluepyopt.ephys.parameters:Set gbar_bk in ['somatic'] to 1.5073727607172334e-05 with scaler 1.0 * value + 0.0
DEBUG:bluepyopt.ephys.parameters:Set gbar_sk in ['somatic'] to 7.08372985635184e-05 with scaler 1.0 * value + 0.0
DEBUG:bluepyopt.ephys.parameters:Set gbar_naf in ['basal'] to 0.03772621179144795 with scaler ((0.1) + (0.9)/(1 + math.exp(({distance}-(40))/(10))))*{value}
DEBUG:bluepyopt.ephys.parameters:Set gbar_kaf in ['basal'] to 0.01750953723195889 with scaler ((1.0) + (0.5)/(1 + math.exp(({distance}-(120))/(-30))))*{value}
DEBUG:bluepyopt.ephys.parameters:Set q_kaf in ['basal'] to 1.2310764224556812 with scaler 1.0 * value + 0.0
DEBUG:bluepyopt.ephys.parameters:Set gbar_kas in ['basal'] to 0.0018241893683428926 with scaler ((1.0) + (9.0)*math.exp(({distance}-(0.0))/(-5.0)))*{value}
DEBUG:bluepyopt.ephys.parameters:Set gbar_kdr in ['basal'] to 0.0007728855900717735 with scaler 1.0 * value + 0.0
DEBUG:bluepyopt.ephys.parameters:Set gbar_kir in ['basal'] to 0.00024874792129379994 with scaler 1.0 * value + 0.0
DEBUG:bluepyopt.ephys.parameters:Set pbar_cal12 in ['basal'] to 1e-05 with scaler 1.0 * value + 0.0
DEBUG:bluepyopt.ephys.parameters:Set pbar_cal13 in ['basal'] to 1e-06 with scaler 1.0 * value + 0.0
DEBUG:bluepyopt.ephys.parameters:Set pbar_car in ['basal'] to 0.0001 with scaler 1.0 * value + 0.0
DEBUG:bluepyopt.ephys.parameters:Set pbar_cat32 in ['basal'] to 2e-09 with scaler ((0.0) + (1.0)/(1 + math.exp(({distance}-(120))/(-30))))*{value}
DEBUG:bluepyopt.ephys.parameters:Set pbar_cat33 in ['basal'] to 2e-09 with scaler ((0.0) + (1.0)/(1 + math.exp(({distance}-(120))/(-30))))*{value}
DEBUG:bluepyopt.ephys.parameters:Set gbar_bk in ['basal'] to 2.8334764669077336e-05 with scaler 1.0 * value + 0.0
DEBUG:bluepyopt.ephys.parameters:Set gbar_sk in ['basal'] to 8.640423150490334e-08 with scaler 1.0 * value + 0.0
DEBUG:bluepyopt.ephys.parameters:Set maxModA_naf in ['somatic'] to 0.6286706574818093 with scaler 1.0 * value + 0.0
DEBUG:bluepyopt.ephys.parameters:Set levelA_naf in ['somatic'] to 0 with scaler 1.0 * value + 0.0
DEBUG:bluepyopt.ephys.parameters:Set modA_naf in ['somatic'] to 0 with scaler 1.0 * value + 0.0
DEBUG:bluepyopt.ephys.parameters:Set maxModA_naf in ['basal'] to 0.7889337834099168 with scaler 1.0 * value + 0.0
DEBUG:bluepyopt.ephys.parameters:Set levelA_naf in ['basal'] to 0 with scaler 1.0 * value + 0.0
DEBUG:bluepyopt.ephys.parameters:Set modA_naf in ['basal'] to 0 with scaler 1.0 * value + 0.0
DEBUG:bluepyopt.ephys.parameters:Set maxModA_kas in ['somatic'] to 0.7543696643500143 with scaler 1.0 * value + 0.0
DEBUG:bluepyopt.ephys.parameters:Set levelA_kas in ['somatic'] to 0 with scaler 1.0 * value + 0.0
DEBUG:bluepyopt.ephys.parameters:Set modA_kas in ['somatic'] to 0 with scaler 1.0 * value + 0.0
DEBUG:bluepyopt.ephys.parameters:Set maxModA_kas in ['basal'] to 0.7329323879981047 with scaler 1.0 * value + 0.0
DEBUG:bluepyopt.ephys.parameters:Set levelA_kas in ['basal'] to 0 with scaler 1.0 * value + 0.0
DEBUG:bluepyopt.ephys.parameters:Set modA_kas in ['basal'] to 0 with scaler 1.0 * value + 0.0
DEBUG:bluepyopt.ephys.parameters:Set maxModA_kaf in ['somatic'] to 0.7764555612104627 with scaler 1.0 * value + 0.0
DEBUG:bluepyopt.ephys.parameters:Set levelA_kaf in ['somatic'] to 0 with scaler 1.0 * value + 0.0
DEBUG:bluepyopt.ephys.parameters:Set modA_kaf in ['somatic'] to 0 with scaler 1.0 * value + 0.0
DEBUG:bluepyopt.ephys.parameters:Set maxModA_kaf in ['basal'] to 0.8274233689434216 with scaler 1.0 * value + 0.0
DEBUG:bluepyopt.ephys.parameters:Set levelA_kaf in ['basal'] to 0 with scaler 1.0 * value + 0.0
DEBUG:bluepyopt.ephys.parameters:Set modA_kaf in ['basal'] to 0 with scaler 1.0 * value + 0.0
DEBUG:bluepyopt.ephys.parameters:Set maxModA_kir in ['somatic'] to 1.0324601328866194 with scaler 1.0 * value + 0.0
DEBUG:bluepyopt.ephys.parameters:Set levelA_kir in ['somatic'] to 0 with scaler 1.0 * value + 0.0
DEBUG:bluepyopt.ephys.parameters:Set modA_kir in ['somatic'] to 0 with scaler 1.0 * value + 0.0
DEBUG:bluepyopt.ephys.parameters:Set maxModA_kir in ['basal'] to 1.0773735795474595 with scaler 1.0 * value + 0.0
DEBUG:bluepyopt.ephys.parameters:Set levelA_kir in ['basal'] to 0 with scaler 1.0 * value + 0.0
DEBUG:bluepyopt.ephys.parameters:Set modA_kir in ['basal'] to 0 with scaler 1.0 * value + 0.0
DEBUG:bluepyopt.ephys.parameters:Set maxModA_cal12 in ['somatic'] to 1.0187898004363551 with scaler 1.0 * value + 0.0
DEBUG:bluepyopt.ephys.parameters:Set levelA_cal12 in ['somatic'] to 0 with scaler 1.0 * value + 0.0
DEBUG:bluepyopt.ephys.parameters:Set modA_cal12 in ['somatic'] to 0 with scaler 1.0 * value + 0.0
DEBUG:bluepyopt.ephys.parameters:Set maxModA_cal12 in ['basal'] to 1.617635497075877 with scaler 1.0 * value + 0.0
DEBUG:bluepyopt.ephys.parameters:Set levelA_cal12 in ['basal'] to 0 with scaler 1.0 * value + 0.0
DEBUG:bluepyopt.ephys.parameters:Set modA_cal12 in ['basal'] to 0 with scaler 1.0 * value + 0.0
DEBUG:bluepyopt.ephys.parameters:Set maxModA_cal13 in ['somatic'] to 1.6120957227224215 with scaler 1.0 * value + 0.0
DEBUG:bluepyopt.ephys.parameters:Set levelA_cal13 in ['somatic'] to 0 with scaler 1.0 * value + 0.0
DEBUG:bluepyopt.ephys.parameters:Set modA_cal13 in ['somatic'] to 0 with scaler 1.0 * value + 0.0
DEBUG:bluepyopt.ephys.parameters:Set maxModA_cal13 in ['basal'] to 1.616933996874757 with scaler 1.0 * value + 0.0
DEBUG:bluepyopt.ephys.parameters:Set levelA_cal13 in ['basal'] to 0 with scaler 1.0 * value + 0.0
DEBUG:bluepyopt.ephys.parameters:Set modA_cal13 in ['basal'] to 0 with scaler 1.0 * value + 0.0
DEBUG:bluepyopt.ephys.parameters:Set maxModA_can in ['somatic'] to 0.9549984628116994 with scaler 1.0 * value + 0.0
DEBUG:bluepyopt.ephys.parameters:Set levelA_can in ['somatic'] to 0 with scaler 1.0 * value + 0.0
DEBUG:bluepyopt.ephys.parameters:Set modA_can in ['somatic'] to 0 with scaler 1.0 * value + 0.0
DEBUG:bluepyopt.ephys.morphologies:Loading morphology /home/jofrony/Documents/Repositories/Neuromodulation/examples/model/str-dspn-e150602_c1_D1-mWT-0728MSN01-v20210212/21-6-DE-cor-rep-ax-res3.swc
DEBUG:bluepyopt.ephys.morphologies:Replace axon with AIS
DEBUG:bluepyopt.ephys.mechanisms:Inserted pas in ['all']
DEBUG:bluepyopt.ephys.mechanisms:Inserted naf in ['somatic']
DEBUG:bluepyopt.ephys.mechanisms:Inserted kaf in ['somatic']
DEBUG:bluepyopt.ephys.mechanisms:Inserted kas in ['somatic']
DEBUG:bluepyopt.ephys.mechanisms:Inserted kdr in ['somatic']
DEBUG:bluepyopt.ephys.mechanisms:Inserted kir in ['somatic']
DEBUG:bluepyopt.ephys.mechanisms:Inserted cal12 in ['somatic']
DEBUG:bluepyopt.ephys.mechanisms:Inserted cal13 in ['somatic']
DEBUG:bluepyopt.ephys.mechanisms:Inserted can in ['somatic']
DEBUG:bluepyopt.ephys.mechanisms:Inserted car in ['somatic']
DEBUG:bluepyopt.ephys.mechanisms:Inserted cadyn in ['somatic']
DEBUG:bluepyopt.ephys.mechanisms:Inserted caldyn in ['somatic']
DEBUG:bluepyopt.ephys.mechanisms:Inserted sk in ['somatic']
DEBUG:bluepyopt.ephys.mechanisms:Inserted bk in ['somatic']
DEBUG:bluepyopt.ephys.mechanisms:Inserted naf in ['axonal']
DEBUG:bluepyopt.ephys.mechanisms:Inserted kas in ['axonal']
DEBUG:bluepyopt.ephys.mechanisms:Inserted naf in ['basal']
DEBUG:bluepyopt.ephys.mechanisms:Inserted kaf in ['basal']
DEBUG:bluepyopt.ephys.mechanisms:Inserted kas in ['basal']
DEBUG:bluepyopt.ephys.mechanisms:Inserted kdr in ['basal']
DEBUG:bluepyopt.ephys.mechanisms:Inserted kir in ['basal']
DEBUG:bluepyopt.ephys.mechanisms:Inserted cal12 in ['basal']
DEBUG:bluepyopt.ephys.mechanisms:Inserted cal13 in ['basal']
DEBUG:bluepyopt.ephys.mechanisms:Inserted car in ['basal']
DEBUG:bluepyopt.ephys.mechanisms:Inserted cat32 in ['basal']
DEBUG:bluepyopt.ephys.mechanisms:Inserted cat33 in ['basal']
DEBUG:bluepyopt.ephys.mechanisms:Inserted cadyn in ['basal']
DEBUG:bluepyopt.ephys.mechanisms:Inserted caldyn in ['basal']
DEBUG:bluepyopt.ephys.mechanisms:Inserted sk in ['basal']
DEBUG:bluepyopt.ephys.mechanisms:Inserted bk in ['basal']
DEBUG:bluepyopt.ephys.parameters:Set celsius to 35
DEBUG:bluepyopt.ephys.parameters:Set v_init to -86
DEBUG:bluepyopt.ephys.parameters:Set g_pas in axonal to 0.0004351535110721858
DEBUG:bluepyopt.ephys.parameters:Set g_pas in basal to 7.357749162476346e-05
DEBUG:bluepyopt.ephys.parameters:Set g_pas in somatic to 0.0003976041611326113
DEBUG:bluepyopt.ephys.parameters:Set e_pas in all to -62.924465893600484
DEBUG:bluepyopt.ephys.parameters:Set cm in all to 1
DEBUG:bluepyopt.ephys.parameters:Set Ra in all to 244.79131177304342
DEBUG:bluepyopt.ephys.parameters:Set ena in all to 53.34
DEBUG:bluepyopt.ephys.parameters:Set ek in all to -105.9
DEBUG:bluepyopt.ephys.parameters:Set gbar_naf in ['axonal'] to 2.102878809005887 with scaler 1.0 * value + 0.0
DEBUG:bluepyopt.ephys.parameters:Set gbar_kas in ['axonal'] to 0.08734212651497891 with scaler 1.0 * value + 0.0
DEBUG:bluepyopt.ephys.parameters:Set gbar_naf in ['somatic'] to 14.332901397497375 with scaler 1.0 * value + 0.0
DEBUG:bluepyopt.ephys.parameters:Set gbar_kaf in ['somatic'] to 0.3327559839403825 with scaler 1.0 * value + 0.0
DEBUG:bluepyopt.ephys.parameters:Set q_kaf in ['somatic'] to 1.2310764224556812 with scaler 1.0 * value + 0.0
DEBUG:bluepyopt.ephys.parameters:Set gbar_kas in ['somatic'] to 0.0019574237764836033 with scaler 1.0 * value + 0.0
DEBUG:bluepyopt.ephys.parameters:Set gbar_kdr in ['somatic'] to 0.00015538891185050966 with scaler 1.0 * value + 0.0
DEBUG:bluepyopt.ephys.parameters:Set gbar_kir in ['somatic'] to 0.0007306244928220482 with scaler 1.0 * value + 0.0
DEBUG:bluepyopt.ephys.parameters:Set pbar_cal12 in ['somatic'] to 1e-05 with scaler 1.0 * value + 0.0
DEBUG:bluepyopt.ephys.parameters:Set pbar_cal13 in ['somatic'] to 1e-06 with scaler 1.0 * value + 0.0
DEBUG:bluepyopt.ephys.parameters:Set pbar_can in ['somatic'] to 3e-05 with scaler 1.0 * value + 0.0
DEBUG:bluepyopt.ephys.parameters:Set pbar_car in ['somatic'] to 0.0001 with scaler 1.0 * value + 0.0
DEBUG:bluepyopt.ephys.parameters:Set gbar_bk in ['somatic'] to 1.5073727607172334e-05 with scaler 1.0 * value + 0.0
DEBUG:bluepyopt.ephys.parameters:Set gbar_sk in ['somatic'] to 7.08372985635184e-05 with scaler 1.0 * value + 0.0
DEBUG:bluepyopt.ephys.parameters:Set gbar_naf in ['basal'] to 0.03772621179144795 with scaler ((0.1) + (0.9)/(1 + math.exp(({distance}-(40))/(10))))*{value}
DEBUG:bluepyopt.ephys.parameters:Set gbar_kaf in ['basal'] to 0.01750953723195889 with scaler ((1.0) + (0.5)/(1 + math.exp(({distance}-(120))/(-30))))*{value}
DEBUG:bluepyopt.ephys.parameters:Set q_kaf in ['basal'] to 1.2310764224556812 with scaler 1.0 * value + 0.0
DEBUG:bluepyopt.ephys.parameters:Set gbar_kas in ['basal'] to 0.0018241893683428926 with scaler ((1.0) + (9.0)*math.exp(({distance}-(0.0))/(-5.0)))*{value}
DEBUG:bluepyopt.ephys.parameters:Set gbar_kdr in ['basal'] to 0.0007728855900717735 with scaler 1.0 * value + 0.0
DEBUG:bluepyopt.ephys.parameters:Set gbar_kir in ['basal'] to 0.00024874792129379994 with scaler 1.0 * value + 0.0
DEBUG:bluepyopt.ephys.parameters:Set pbar_cal12 in ['basal'] to 1e-05 with scaler 1.0 * value + 0.0
DEBUG:bluepyopt.ephys.parameters:Set pbar_cal13 in ['basal'] to 1e-06 with scaler 1.0 * value + 0.0
DEBUG:bluepyopt.ephys.parameters:Set pbar_car in ['basal'] to 0.0001 with scaler 1.0 * value + 0.0
DEBUG:bluepyopt.ephys.parameters:Set pbar_cat32 in ['basal'] to 2e-09 with scaler ((0.0) + (1.0)/(1 + math.exp(({distance}-(120))/(-30))))*{value}
DEBUG:bluepyopt.ephys.parameters:Set pbar_cat33 in ['basal'] to 2e-09 with scaler ((0.0) + (1.0)/(1 + math.exp(({distance}-(120))/(-30))))*{value}
DEBUG:bluepyopt.ephys.parameters:Set gbar_bk in ['basal'] to 2.8334764669077336e-05 with scaler 1.0 * value + 0.0
DEBUG:bluepyopt.ephys.parameters:Set gbar_sk in ['basal'] to 8.640423150490334e-08 with scaler 1.0 * value + 0.0
